0 verbose cli /opt/homebrew/Cellar/node@20/20.19.5/bin/node /opt/homebrew/opt/node@20/bin/npm
1 info using npm@10.8.2
2 info using node@v20.19.5
3 silly config load:file:/opt/homebrew/Cellar/node@20/20.19.5/lib/node_modules/npm/npmrc
4 silly config load:file:/Users/vikashkumar/Desktop/assignment/.npmrc
5 silly config load:file:/Users/vikashkumar/.npmrc
6 silly config load:file:/opt/homebrew/etc/npmrc
7 verbose title npm install
8 verbose argv "install"
9 verbose logfile logs-max:10 dir:/Users/vikashkumar/Desktop/assignment/.npm-cache/_logs/2025-10-15T13_16_00_300Z-
10 verbose logfile /Users/vikashkumar/Desktop/assignment/.npm-cache/_logs/2025-10-15T13_16_00_300Z-debug-0.log
11 silly packumentCache heap:2197815296 maxSize:549453824 maxEntrySize:274726912
12 silly logfile done cleaning log files
13 silly idealTree buildDeps
14 silly reify moves {}
15 silly audit bulk request {
15 silly audit   '@alloc/quick-lru': [ '5.2.0' ],
15 silly audit   '@babel/code-frame': [ '7.27.1' ],
15 silly audit   '@babel/compat-data': [ '7.28.4' ],
15 silly audit   '@babel/core': [ '7.28.4' ],
15 silly audit   '@babel/generator': [ '7.28.3' ],
15 silly audit   '@babel/helper-compilation-targets': [ '7.27.2' ],
15 silly audit   'lru-cache': [ '5.1.1', '10.4.3' ],
15 silly audit   '@babel/helper-globals': [ '7.28.0' ],
15 silly audit   '@babel/helper-module-imports': [ '7.27.1' ],
15 silly audit   '@babel/helper-module-transforms': [ '7.28.3' ],
15 silly audit   '@babel/helper-plugin-utils': [ '7.27.1' ],
15 silly audit   '@babel/helper-string-parser': [ '7.27.1' ],
15 silly audit   '@babel/helper-validator-identifier': [ '7.27.1' ],
15 silly audit   '@babel/helper-validator-option': [ '7.27.1' ],
15 silly audit   '@babel/helpers': [ '7.28.4' ],
15 silly audit   '@babel/parser': [ '7.28.4' ],
15 silly audit   '@babel/plugin-transform-react-jsx-self': [ '7.27.1' ],
15 silly audit   '@babel/plugin-transform-react-jsx-source': [ '7.27.1' ],
15 silly audit   '@babel/runtime': [ '7.28.4' ],
15 silly audit   '@babel/template': [ '7.27.2' ],
15 silly audit   '@babel/traverse': [ '7.28.4' ],
15 silly audit   '@babel/types': [ '7.28.4' ],
15 silly audit   '@esbuild/darwin-arm64': [ '0.21.5' ],
15 silly audit   '@eslint-community/eslint-utils': [ '4.9.0' ],
15 silly audit   'eslint-visitor-keys': [ '3.4.3', '4.2.1' ],
15 silly audit   '@eslint-community/regexpp': [ '4.12.1' ],
15 silly audit   '@eslint/config-array': [ '0.21.0' ],
15 silly audit   '@eslint/config-helpers': [ '0.4.0' ],
15 silly audit   '@eslint/core': [ '0.16.0' ],
15 silly audit   '@eslint/eslintrc': [ '3.3.1' ],
15 silly audit   '@eslint/js': [ '9.37.0' ],
15 silly audit   '@eslint/object-schema': [ '2.1.6' ],
15 silly audit   '@eslint/plugin-kit': [ '0.4.0' ],
15 silly audit   '@humanfs/core': [ '0.19.1' ],
15 silly audit   '@humanfs/node': [ '0.16.7' ],
15 silly audit   '@humanwhocodes/module-importer': [ '1.0.1' ],
15 silly audit   '@humanwhocodes/retry': [ '0.4.3' ],
15 silly audit   '@isaacs/cliui': [ '8.0.2' ],
15 silly audit   '@jridgewell/gen-mapping': [ '0.3.13' ],
15 silly audit   '@jridgewell/remapping': [ '2.3.5' ],
15 silly audit   '@jridgewell/resolve-uri': [ '3.1.2' ],
15 silly audit   '@jridgewell/sourcemap-codec': [ '1.5.5' ],
15 silly audit   '@jridgewell/trace-mapping': [ '0.3.31' ],
15 silly audit   '@nodelib/fs.scandir': [ '2.1.5' ],
15 silly audit   '@nodelib/fs.stat': [ '2.0.5' ],
15 silly audit   '@nodelib/fs.walk': [ '1.2.8' ],
15 silly audit   '@pkgjs/parseargs': [ '0.11.0' ],
15 silly audit   '@rolldown/pluginutils': [ '1.0.0-beta.38' ],
15 silly audit   '@rollup/rollup-darwin-arm64': [ '4.52.4' ],
15 silly audit   '@types/babel__core': [ '7.20.5' ],
15 silly audit   '@types/babel__generator': [ '7.27.0' ],
15 silly audit   '@types/babel__template': [ '7.4.4' ],
15 silly audit   '@types/babel__traverse': [ '7.28.0' ],
15 silly audit   '@types/d3-array': [ '3.2.2' ],
15 silly audit   '@types/d3-color': [ '3.1.3' ],
15 silly audit   '@types/d3-ease': [ '3.0.2' ],
15 silly audit   '@types/d3-interpolate': [ '3.0.4' ],
15 silly audit   '@types/d3-path': [ '3.1.1' ],
15 silly audit   '@types/d3-scale': [ '4.0.9' ],
15 silly audit   '@types/d3-shape': [ '3.1.7' ],
15 silly audit   '@types/d3-time': [ '3.0.4' ],
15 silly audit   '@types/d3-timer': [ '3.0.2' ],
15 silly audit   '@types/estree': [ '1.0.8' ],
15 silly audit   '@types/json-schema': [ '7.0.15' ],
15 silly audit   '@vitejs/plugin-react': [ '5.0.4' ],
15 silly audit   acorn: [ '8.15.0' ],
15 silly audit   'acorn-jsx': [ '5.3.2' ],
15 silly audit   ajv: [ '6.12.6' ],
15 silly audit   'ansi-regex': [ '6.2.2', '5.0.1' ],
15 silly audit   'ansi-styles': [ '4.3.0', '6.2.3' ],
15 silly audit   'any-promise': [ '1.3.0' ],
15 silly audit   anymatch: [ '3.1.3' ],
15 silly audit   arg: [ '5.0.2' ],
15 silly audit   argparse: [ '2.0.1' ],
15 silly audit   autoprefixer: [ '10.4.21' ],
15 silly audit   'balanced-match': [ '1.0.2' ],
15 silly audit   'baseline-browser-mapping': [ '2.8.16' ],
15 silly audit   'binary-extensions': [ '2.3.0' ],
15 silly audit   'brace-expansion': [ '1.1.12', '2.0.2' ],
15 silly audit   braces: [ '3.0.3' ],
15 silly audit   browserslist: [ '4.26.3' ],
15 silly audit   callsites: [ '3.1.0' ],
15 silly audit   'camelcase-css': [ '2.0.1' ],
15 silly audit   'caniuse-lite': [ '1.0.30001750' ],
15 silly audit   chalk: [ '4.1.2' ],
15 silly audit   chokidar: [ '3.6.0' ],
15 silly audit   'glob-parent': [ '5.1.2', '6.0.2' ],
15 silly audit   clsx: [ '2.1.1' ],
15 silly audit   'color-convert': [ '2.0.1' ],
15 silly audit   'color-name': [ '1.1.4' ],
15 silly audit   commander: [ '4.1.1' ],
15 silly audit   'concat-map': [ '0.0.1' ],
15 silly audit   'convert-source-map': [ '2.0.0' ],
15 silly audit   'cross-spawn': [ '7.0.6' ],
15 silly audit   cssesc: [ '3.0.0' ],
15 silly audit   csstype: [ '3.1.3' ],
15 silly audit   'd3-array': [ '3.2.4' ],
15 silly audit   'd3-color': [ '3.1.0' ],
15 silly audit   'd3-ease': [ '3.0.1' ],
15 silly audit   'd3-format': [ '3.1.0' ],
15 silly audit   'd3-interpolate': [ '3.0.1' ],
15 silly audit   'd3-path': [ '3.1.0' ],
15 silly audit   'd3-scale': [ '4.0.2' ],
15 silly audit   'd3-shape': [ '3.2.0' ],
15 silly audit   'd3-time': [ '3.1.0' ],
15 silly audit   'd3-time-format': [ '4.1.0' ],
15 silly audit   'd3-timer': [ '3.0.1' ],
15 silly audit   debug: [ '4.4.3' ],
15 silly audit   'decimal.js-light': [ '2.5.1' ],
15 silly audit   'deep-is': [ '0.1.4' ],
15 silly audit   didyoumean: [ '1.2.2' ],
15 silly audit   dlv: [ '1.1.3' ],
15 silly audit   'dom-helpers': [ '5.2.1' ],
15 silly audit   eastasianwidth: [ '0.2.0' ],
15 silly audit   'electron-to-chromium': [ '1.5.237' ],
15 silly audit   'emoji-regex': [ '9.2.2', '8.0.0' ],
15 silly audit   esbuild: [ '0.21.5' ],
15 silly audit   '@esbuild/aix-ppc64': [ '0.21.5' ],
15 silly audit   '@esbuild/android-arm': [ '0.21.5' ],
15 silly audit   '@esbuild/android-arm64': [ '0.21.5' ],
15 silly audit   '@esbuild/android-x64': [ '0.21.5' ],
15 silly audit   '@esbuild/darwin-x64': [ '0.21.5' ],
15 silly audit   '@esbuild/freebsd-arm64': [ '0.21.5' ],
15 silly audit   '@esbuild/freebsd-x64': [ '0.21.5' ],
15 silly audit   '@esbuild/linux-arm': [ '0.21.5' ],
15 silly audit   '@esbuild/linux-arm64': [ '0.21.5' ],
15 silly audit   '@esbuild/linux-ia32': [ '0.21.5' ],
15 silly audit   '@esbuild/linux-loong64': [ '0.21.5' ],
15 silly audit   '@esbuild/linux-mips64el': [ '0.21.5' ],
15 silly audit   '@esbuild/linux-ppc64': [ '0.21.5' ],
15 silly audit   '@esbuild/linux-riscv64': [ '0.21.5' ],
15 silly audit   '@esbuild/linux-s390x': [ '0.21.5' ],
15 silly audit   '@esbuild/linux-x64': [ '0.21.5' ],
15 silly audit   '@esbuild/netbsd-x64': [ '0.21.5' ],
15 silly audit   '@esbuild/openbsd-x64': [ '0.21.5' ],
15 silly audit   '@esbuild/sunos-x64': [ '0.21.5' ],
15 silly audit   '@esbuild/win32-arm64': [ '0.21.5' ],
15 silly audit   '@esbuild/win32-ia32': [ '0.21.5' ],
15 silly audit   '@esbuild/win32-x64': [ '0.21.5' ],
15 silly audit   escalade: [ '3.2.0' ],
15 silly audit   'escape-string-regexp': [ '4.0.0' ],
15 silly audit   eslint: [ '9.37.0' ],
15 silly audit   'eslint-plugin-react-hooks': [ '5.2.0' ],
15 silly audit   'eslint-scope': [ '8.4.0' ],
15 silly audit   espree: [ '10.4.0' ],
15 silly audit   esquery: [ '1.6.0' ],
15 silly audit   esrecurse: [ '4.3.0' ],
15 silly audit   estraverse: [ '5.3.0' ],
15 silly audit   esutils: [ '2.0.3' ],
15 silly audit   eventemitter3: [ '4.0.7' ],
15 silly audit   'fast-deep-equal': [ '3.1.3' ],
15 silly audit   'fast-equals': [ '5.3.2' ],
15 silly audit   'fast-glob': [ '3.3.3' ],
15 silly audit   'fast-json-stable-stringify': [ '2.1.0' ],
15 silly audit   'fast-levenshtein': [ '2.0.6' ],
15 silly audit   fastq: [ '1.19.1' ],
15 silly audit   'file-entry-cache': [ '8.0.0' ],
15 silly audit   'fill-range': [ '7.1.1' ],
15 silly audit   'find-up': [ '5.0.0' ],
15 silly audit   'flat-cache': [ '4.0.1' ],
15 silly audit   flatted: [ '3.3.3' ],
15 silly audit   'foreground-child': [ '3.3.1' ],
15 silly audit   'fraction.js': [ '4.3.7' ],
15 silly audit   'framer-motion': [ '11.18.2' ],
15 silly audit   fsevents: [ '2.3.3' ],
15 silly audit   'function-bind': [ '1.1.2' ],
15 silly audit   gensync: [ '1.0.0-beta.2' ],
15 silly audit   glob: [ '10.4.5' ],
15 silly audit   minimatch: [ '9.0.5', '3.1.2' ],
15 silly audit   globals: [ '14.0.0' ],
15 silly audit   'has-flag': [ '4.0.0' ],
15 silly audit   hasown: [ '2.0.2' ],
15 silly audit   ignore: [ '5.3.2' ],
15 silly audit   'import-fresh': [ '3.3.1' ],
15 silly audit   imurmurhash: [ '0.1.4' ],
15 silly audit   internmap: [ '2.0.3' ],
15 silly audit   'is-binary-path': [ '2.1.0' ],
15 silly audit   'is-core-module': [ '2.16.1' ],
15 silly audit   'is-extglob': [ '2.1.1' ],
15 silly audit   'is-fullwidth-code-point': [ '3.0.0' ],
15 silly audit   'is-glob': [ '4.0.3' ],
15 silly audit   'is-number': [ '7.0.0' ],
15 silly audit   isexe: [ '2.0.0' ],
15 silly audit   jackspeak: [ '3.4.3' ],
15 silly audit   jiti: [ '1.21.7' ],
15 silly audit   'js-tokens': [ '4.0.0' ],
15 silly audit   'js-yaml': [ '4.1.0' ],
15 silly audit   jsesc: [ '3.1.0' ],
15 silly audit   'json-buffer': [ '3.0.1' ],
15 silly audit   'json-schema-traverse': [ '0.4.1' ],
15 silly audit   'json-stable-stringify-without-jsonify': [ '1.0.1' ],
15 silly audit   json5: [ '2.2.3' ],
15 silly audit   keyv: [ '4.5.4' ],
15 silly audit   levn: [ '0.4.1' ],
15 silly audit   lilconfig: [ '3.1.3' ],
15 silly audit   'lines-and-columns': [ '1.2.4' ],
15 silly audit   'locate-path': [ '6.0.0' ],
15 silly audit   lodash: [ '4.17.21' ],
15 silly audit   'lodash.merge': [ '4.6.2' ],
15 silly audit   'loose-envify': [ '1.4.0' ],
15 silly audit   merge2: [ '1.4.1' ],
15 silly audit   micromatch: [ '4.0.8' ],
15 silly audit   minipass: [ '7.1.2' ],
15 silly audit   'motion-dom': [ '11.18.1' ],
15 silly audit   'motion-utils': [ '11.18.1' ],
15 silly audit   ms: [ '2.1.3' ],
15 silly audit   mz: [ '2.7.0' ],
15 silly audit   nanoid: [ '3.3.11' ],
15 silly audit   'natural-compare': [ '1.4.0' ],
15 silly audit   'node-releases': [ '2.0.23' ],
15 silly audit   'normalize-path': [ '3.0.0' ],
15 silly audit   'normalize-range': [ '0.1.2' ],
15 silly audit   'object-assign': [ '4.1.1' ],
15 silly audit   'object-hash': [ '3.0.0' ],
15 silly audit   optionator: [ '0.9.4' ],
15 silly audit   'p-limit': [ '3.1.0' ],
15 silly audit   'p-locate': [ '5.0.0' ],
15 silly audit   'package-json-from-dist': [ '1.0.1' ],
15 silly audit   'parent-module': [ '1.0.1' ],
15 silly audit   'path-exists': [ '4.0.0' ],
15 silly audit   'path-key': [ '3.1.1' ],
15 silly audit   'path-parse': [ '1.0.7' ],
15 silly audit   'path-scurry': [ '1.11.1' ],
15 silly audit   picocolors: [ '1.1.1' ],
15 silly audit   picomatch: [ '2.3.1' ],
15 silly audit   pify: [ '2.3.0' ],
15 silly audit   pirates: [ '4.0.7' ],
15 silly audit   postcss: [ '8.5.6' ],
15 silly audit   'postcss-import': [ '15.1.0' ],
15 silly audit   'postcss-js': [ '4.1.0' ],
15 silly audit   'postcss-load-config': [ '6.0.1' ],
15 silly audit   'postcss-nested': [ '6.2.0' ],
15 silly audit   'postcss-selector-parser': [ '6.1.2' ],
15 silly audit   'postcss-value-parser': [ '4.2.0' ],
15 silly audit   'prelude-ls': [ '1.2.1' ],
15 silly audit   'prop-types': [ '15.8.1' ],
15 silly audit   'react-is': [ '16.13.1', '18.3.1' ],
15 silly audit   punycode: [ '2.3.1' ],
15 silly audit   'queue-microtask': [ '1.2.3' ],
15 silly audit   react: [ '18.3.1' ],
15 silly audit   'react-dom': [ '18.3.1' ],
15 silly audit   'react-refresh': [ '0.17.0' ],
15 silly audit   'read-cache': [ '1.0.0' ],
15 silly audit   readdirp: [ '3.6.0' ],
15 silly audit   recharts: [ '2.15.4' ],
15 silly audit   'recharts-scale': [ '0.4.5' ],
15 silly audit   'react-smooth': [ '4.0.4' ],
15 silly audit   'react-transition-group': [ '4.4.5' ],
15 silly audit   resolve: [ '1.22.10' ],
15 silly audit   'resolve-from': [ '4.0.0' ],
15 silly audit   reusify: [ '1.1.0' ],
15 silly audit   rollup: [ '4.52.4' ],
15 silly audit   '@rollup/rollup-android-arm-eabi': [ '4.52.4' ],
15 silly audit   '@rollup/rollup-android-arm64': [ '4.52.4' ],
15 silly audit   '@rollup/rollup-darwin-x64': [ '4.52.4' ],
15 silly audit   '@rollup/rollup-freebsd-arm64': [ '4.52.4' ],
15 silly audit   '@rollup/rollup-freebsd-x64': [ '4.52.4' ],
15 silly audit   '@rollup/rollup-linux-arm-gnueabihf': [ '4.52.4' ],
15 silly audit   '@rollup/rollup-linux-arm-musleabihf': [ '4.52.4' ],
15 silly audit   '@rollup/rollup-linux-arm64-gnu': [ '4.52.4' ],
15 silly audit   '@rollup/rollup-linux-arm64-musl': [ '4.52.4' ],
15 silly audit   '@rollup/rollup-linux-loong64-gnu': [ '4.52.4' ],
15 silly audit   '@rollup/rollup-linux-ppc64-gnu': [ '4.52.4' ],
15 silly audit   '@rollup/rollup-linux-riscv64-gnu': [ '4.52.4' ],
15 silly audit   '@rollup/rollup-linux-riscv64-musl': [ '4.52.4' ],
15 silly audit   '@rollup/rollup-linux-s390x-gnu': [ '4.52.4' ],
15 silly audit   '@rollup/rollup-linux-x64-gnu': [ '4.52.4' ],
15 silly audit   '@rollup/rollup-linux-x64-musl': [ '4.52.4' ],
15 silly audit   '@rollup/rollup-openharmony-arm64': [ '4.52.4' ],
15 silly audit   '@rollup/rollup-win32-arm64-msvc': [ '4.52.4' ],
15 silly audit   '@rollup/rollup-win32-ia32-msvc': [ '4.52.4' ],
15 silly audit   '@rollup/rollup-win32-x64-gnu': [ '4.52.4' ],
15 silly audit   '@rollup/rollup-win32-x64-msvc': [ '4.52.4' ],
15 silly audit   'run-parallel': [ '1.2.0' ],
15 silly audit   scheduler: [ '0.23.2' ],
15 silly audit   semver: [ '6.3.1' ],
15 silly audit   'shebang-command': [ '2.0.0' ],
15 silly audit   'shebang-regex': [ '3.0.0' ],
15 silly audit   'signal-exit': [ '4.1.0' ],
15 silly audit   'source-map-js': [ '1.2.1' ],
15 silly audit   'string-width': [ '5.1.2', '4.2.3' ],
15 silly audit   'strip-ansi': [ '6.0.1', '7.1.2' ],
15 silly audit   'strip-json-comments': [ '3.1.1' ],
15 silly audit   sucrase: [ '3.35.0' ],
15 silly audit   'supports-color': [ '7.2.0' ],
15 silly audit   'supports-preserve-symlinks-flag': [ '1.0.0' ],
15 silly audit   tailwindcss: [ '3.4.18' ],
15 silly audit   thenify: [ '3.3.1' ],
15 silly audit   'thenify-all': [ '1.6.0' ],
15 silly audit   'tiny-invariant': [ '1.3.3' ],
15 silly audit   'to-regex-range': [ '5.0.1' ],
15 silly audit   'ts-interface-checker': [ '0.1.13' ],
15 silly audit   tslib: [ '2.8.1' ],
15 silly audit   'type-check': [ '0.4.0' ],
15 silly audit   'update-browserslist-db': [ '1.1.3' ],
15 silly audit   'uri-js': [ '4.4.1' ],
15 silly audit   'util-deprecate': [ '1.0.2' ],
15 silly audit   'victory-vendor': [ '36.9.2' ],
15 silly audit   vite: [ '5.4.20' ],
15 silly audit   which: [ '2.0.2' ],
15 silly audit   'word-wrap': [ '1.2.5' ],
15 silly audit   'wrap-ansi': [ '8.1.0', '7.0.0' ],
15 silly audit   yallist: [ '3.1.1' ],
15 silly audit   'yocto-queue': [ '0.1.0' ]
15 silly audit }
16 verbose reify failed optional dependency /Users/vikashkumar/Desktop/assignment/node_modules/rollup/node_modules/@rollup/rollup-win32-x64-msvc
17 silly reify mark deleted [
17 silly reify   '/Users/vikashkumar/Desktop/assignment/node_modules/rollup/node_modules/@rollup/rollup-win32-x64-msvc'
17 silly reify ]
18 verbose reify failed optional dependency /Users/vikashkumar/Desktop/assignment/node_modules/rollup/node_modules/@rollup/rollup-win32-x64-gnu
19 silly reify mark deleted [
19 silly reify   '/Users/vikashkumar/Desktop/assignment/node_modules/rollup/node_modules/@rollup/rollup-win32-x64-gnu'
19 silly reify ]
20 verbose reify failed optional dependency /Users/vikashkumar/Desktop/assignment/node_modules/rollup/node_modules/@rollup/rollup-win32-ia32-msvc
21 silly reify mark deleted [
21 silly reify   '/Users/vikashkumar/Desktop/assignment/node_modules/rollup/node_modules/@rollup/rollup-win32-ia32-msvc'
21 silly reify ]
22 verbose reify failed optional dependency /Users/vikashkumar/Desktop/assignment/node_modules/rollup/node_modules/@rollup/rollup-win32-arm64-msvc
23 silly reify mark deleted [
23 silly reify   '/Users/vikashkumar/Desktop/assignment/node_modules/rollup/node_modules/@rollup/rollup-win32-arm64-msvc'
23 silly reify ]
24 verbose reify failed optional dependency /Users/vikashkumar/Desktop/assignment/node_modules/rollup/node_modules/@rollup/rollup-openharmony-arm64
25 silly reify mark deleted [
25 silly reify   '/Users/vikashkumar/Desktop/assignment/node_modules/rollup/node_modules/@rollup/rollup-openharmony-arm64'
25 silly reify ]
26 verbose reify failed optional dependency /Users/vikashkumar/Desktop/assignment/node_modules/rollup/node_modules/@rollup/rollup-linux-x64-musl
27 silly reify mark deleted [
27 silly reify   '/Users/vikashkumar/Desktop/assignment/node_modules/rollup/node_modules/@rollup/rollup-linux-x64-musl'
27 silly reify ]
28 verbose reify failed optional dependency /Users/vikashkumar/Desktop/assignment/node_modules/rollup/node_modules/@rollup/rollup-linux-x64-gnu
29 silly reify mark deleted [
29 silly reify   '/Users/vikashkumar/Desktop/assignment/node_modules/rollup/node_modules/@rollup/rollup-linux-x64-gnu'
29 silly reify ]
30 verbose reify failed optional dependency /Users/vikashkumar/Desktop/assignment/node_modules/rollup/node_modules/@rollup/rollup-linux-s390x-gnu
31 silly reify mark deleted [
31 silly reify   '/Users/vikashkumar/Desktop/assignment/node_modules/rollup/node_modules/@rollup/rollup-linux-s390x-gnu'
31 silly reify ]
32 verbose reify failed optional dependency /Users/vikashkumar/Desktop/assignment/node_modules/rollup/node_modules/@rollup/rollup-linux-riscv64-musl
33 silly reify mark deleted [
33 silly reify   '/Users/vikashkumar/Desktop/assignment/node_modules/rollup/node_modules/@rollup/rollup-linux-riscv64-musl'
33 silly reify ]
34 verbose reify failed optional dependency /Users/vikashkumar/Desktop/assignment/node_modules/rollup/node_modules/@rollup/rollup-linux-riscv64-gnu
35 silly reify mark deleted [
35 silly reify   '/Users/vikashkumar/Desktop/assignment/node_modules/rollup/node_modules/@rollup/rollup-linux-riscv64-gnu'
35 silly reify ]
36 verbose reify failed optional dependency /Users/vikashkumar/Desktop/assignment/node_modules/rollup/node_modules/@rollup/rollup-linux-ppc64-gnu
37 silly reify mark deleted [
37 silly reify   '/Users/vikashkumar/Desktop/assignment/node_modules/rollup/node_modules/@rollup/rollup-linux-ppc64-gnu'
37 silly reify ]
38 verbose reify failed optional dependency /Users/vikashkumar/Desktop/assignment/node_modules/rollup/node_modules/@rollup/rollup-linux-loong64-gnu
39 silly reify mark deleted [
39 silly reify   '/Users/vikashkumar/Desktop/assignment/node_modules/rollup/node_modules/@rollup/rollup-linux-loong64-gnu'
39 silly reify ]
40 verbose reify failed optional dependency /Users/vikashkumar/Desktop/assignment/node_modules/rollup/node_modules/@rollup/rollup-linux-arm64-musl
41 silly reify mark deleted [
41 silly reify   '/Users/vikashkumar/Desktop/assignment/node_modules/rollup/node_modules/@rollup/rollup-linux-arm64-musl'
41 silly reify ]
42 verbose reify failed optional dependency /Users/vikashkumar/Desktop/assignment/node_modules/rollup/node_modules/@rollup/rollup-linux-arm64-gnu
43 silly reify mark deleted [
43 silly reify   '/Users/vikashkumar/Desktop/assignment/node_modules/rollup/node_modules/@rollup/rollup-linux-arm64-gnu'
43 silly reify ]
44 verbose reify failed optional dependency /Users/vikashkumar/Desktop/assignment/node_modules/rollup/node_modules/@rollup/rollup-linux-arm-musleabihf
45 silly reify mark deleted [
45 silly reify   '/Users/vikashkumar/Desktop/assignment/node_modules/rollup/node_modules/@rollup/rollup-linux-arm-musleabihf'
45 silly reify ]
46 verbose reify failed optional dependency /Users/vikashkumar/Desktop/assignment/node_modules/rollup/node_modules/@rollup/rollup-linux-arm-gnueabihf
47 silly reify mark deleted [
47 silly reify   '/Users/vikashkumar/Desktop/assignment/node_modules/rollup/node_modules/@rollup/rollup-linux-arm-gnueabihf'
47 silly reify ]
48 verbose reify failed optional dependency /Users/vikashkumar/Desktop/assignment/node_modules/rollup/node_modules/@rollup/rollup-freebsd-x64
49 silly reify mark deleted [
49 silly reify   '/Users/vikashkumar/Desktop/assignment/node_modules/rollup/node_modules/@rollup/rollup-freebsd-x64'
49 silly reify ]
50 verbose reify failed optional dependency /Users/vikashkumar/Desktop/assignment/node_modules/rollup/node_modules/@rollup/rollup-freebsd-arm64
51 silly reify mark deleted [
51 silly reify   '/Users/vikashkumar/Desktop/assignment/node_modules/rollup/node_modules/@rollup/rollup-freebsd-arm64'
51 silly reify ]
52 verbose reify failed optional dependency /Users/vikashkumar/Desktop/assignment/node_modules/rollup/node_modules/@rollup/rollup-darwin-x64
53 silly reify mark deleted [
53 silly reify   '/Users/vikashkumar/Desktop/assignment/node_modules/rollup/node_modules/@rollup/rollup-darwin-x64'
53 silly reify ]
54 verbose reify failed optional dependency /Users/vikashkumar/Desktop/assignment/node_modules/rollup/node_modules/@rollup/rollup-android-arm64
55 silly reify mark deleted [
55 silly reify   '/Users/vikashkumar/Desktop/assignment/node_modules/rollup/node_modules/@rollup/rollup-android-arm64'
55 silly reify ]
56 verbose reify failed optional dependency /Users/vikashkumar/Desktop/assignment/node_modules/rollup/node_modules/@rollup/rollup-android-arm-eabi
57 silly reify mark deleted [
57 silly reify   '/Users/vikashkumar/Desktop/assignment/node_modules/rollup/node_modules/@rollup/rollup-android-arm-eabi'
57 silly reify ]
58 verbose reify failed optional dependency /Users/vikashkumar/Desktop/assignment/node_modules/esbuild/node_modules/@esbuild/win32-x64
59 silly reify mark deleted [
59 silly reify   '/Users/vikashkumar/Desktop/assignment/node_modules/esbuild/node_modules/@esbuild/win32-x64'
59 silly reify ]
60 verbose reify failed optional dependency /Users/vikashkumar/Desktop/assignment/node_modules/esbuild/node_modules/@esbuild/win32-ia32
61 silly reify mark deleted [
61 silly reify   '/Users/vikashkumar/Desktop/assignment/node_modules/esbuild/node_modules/@esbuild/win32-ia32'
61 silly reify ]
62 verbose reify failed optional dependency /Users/vikashkumar/Desktop/assignment/node_modules/esbuild/node_modules/@esbuild/win32-arm64
63 silly reify mark deleted [
63 silly reify   '/Users/vikashkumar/Desktop/assignment/node_modules/esbuild/node_modules/@esbuild/win32-arm64'
63 silly reify ]
64 verbose reify failed optional dependency /Users/vikashkumar/Desktop/assignment/node_modules/esbuild/node_modules/@esbuild/sunos-x64
65 silly reify mark deleted [
65 silly reify   '/Users/vikashkumar/Desktop/assignment/node_modules/esbuild/node_modules/@esbuild/sunos-x64'
65 silly reify ]
66 verbose reify failed optional dependency /Users/vikashkumar/Desktop/assignment/node_modules/esbuild/node_modules/@esbuild/openbsd-x64
67 silly reify mark deleted [
67 silly reify   '/Users/vikashkumar/Desktop/assignment/node_modules/esbuild/node_modules/@esbuild/openbsd-x64'
67 silly reify ]
68 verbose reify failed optional dependency /Users/vikashkumar/Desktop/assignment/node_modules/esbuild/node_modules/@esbuild/netbsd-x64
69 silly reify mark deleted [
69 silly reify   '/Users/vikashkumar/Desktop/assignment/node_modules/esbuild/node_modules/@esbuild/netbsd-x64'
69 silly reify ]
70 verbose reify failed optional dependency /Users/vikashkumar/Desktop/assignment/node_modules/esbuild/node_modules/@esbuild/linux-x64
71 silly reify mark deleted [
71 silly reify   '/Users/vikashkumar/Desktop/assignment/node_modules/esbuild/node_modules/@esbuild/linux-x64'
71 silly reify ]
72 verbose reify failed optional dependency /Users/vikashkumar/Desktop/assignment/node_modules/esbuild/node_modules/@esbuild/linux-s390x
73 silly reify mark deleted [
73 silly reify   '/Users/vikashkumar/Desktop/assignment/node_modules/esbuild/node_modules/@esbuild/linux-s390x'
73 silly reify ]
74 verbose reify failed optional dependency /Users/vikashkumar/Desktop/assignment/node_modules/esbuild/node_modules/@esbuild/linux-riscv64
75 silly reify mark deleted [
75 silly reify   '/Users/vikashkumar/Desktop/assignment/node_modules/esbuild/node_modules/@esbuild/linux-riscv64'
75 silly reify ]
76 verbose reify failed optional dependency /Users/vikashkumar/Desktop/assignment/node_modules/esbuild/node_modules/@esbuild/linux-ppc64
77 silly reify mark deleted [
77 silly reify   '/Users/vikashkumar/Desktop/assignment/node_modules/esbuild/node_modules/@esbuild/linux-ppc64'
77 silly reify ]
78 verbose reify failed optional dependency /Users/vikashkumar/Desktop/assignment/node_modules/esbuild/node_modules/@esbuild/linux-mips64el
79 silly reify mark deleted [
79 silly reify   '/Users/vikashkumar/Desktop/assignment/node_modules/esbuild/node_modules/@esbuild/linux-mips64el'
79 silly reify ]
80 verbose reify failed optional dependency /Users/vikashkumar/Desktop/assignment/node_modules/esbuild/node_modules/@esbuild/linux-loong64
81 silly reify mark deleted [
81 silly reify   '/Users/vikashkumar/Desktop/assignment/node_modules/esbuild/node_modules/@esbuild/linux-loong64'
81 silly reify ]
82 verbose reify failed optional dependency /Users/vikashkumar/Desktop/assignment/node_modules/esbuild/node_modules/@esbuild/linux-ia32
83 silly reify mark deleted [
83 silly reify   '/Users/vikashkumar/Desktop/assignment/node_modules/esbuild/node_modules/@esbuild/linux-ia32'
83 silly reify ]
84 verbose reify failed optional dependency /Users/vikashkumar/Desktop/assignment/node_modules/esbuild/node_modules/@esbuild/linux-arm64
85 silly reify mark deleted [
85 silly reify   '/Users/vikashkumar/Desktop/assignment/node_modules/esbuild/node_modules/@esbuild/linux-arm64'
85 silly reify ]
86 verbose reify failed optional dependency /Users/vikashkumar/Desktop/assignment/node_modules/esbuild/node_modules/@esbuild/linux-arm
87 silly reify mark deleted [
87 silly reify   '/Users/vikashkumar/Desktop/assignment/node_modules/esbuild/node_modules/@esbuild/linux-arm'
87 silly reify ]
88 verbose reify failed optional dependency /Users/vikashkumar/Desktop/assignment/node_modules/esbuild/node_modules/@esbuild/freebsd-x64
89 silly reify mark deleted [
89 silly reify   '/Users/vikashkumar/Desktop/assignment/node_modules/esbuild/node_modules/@esbuild/freebsd-x64'
89 silly reify ]
90 verbose reify failed optional dependency /Users/vikashkumar/Desktop/assignment/node_modules/esbuild/node_modules/@esbuild/freebsd-arm64
91 silly reify mark deleted [
91 silly reify   '/Users/vikashkumar/Desktop/assignment/node_modules/esbuild/node_modules/@esbuild/freebsd-arm64'
91 silly reify ]
92 verbose reify failed optional dependency /Users/vikashkumar/Desktop/assignment/node_modules/esbuild/node_modules/@esbuild/darwin-x64
93 silly reify mark deleted [
93 silly reify   '/Users/vikashkumar/Desktop/assignment/node_modules/esbuild/node_modules/@esbuild/darwin-x64'
93 silly reify ]
94 verbose reify failed optional dependency /Users/vikashkumar/Desktop/assignment/node_modules/esbuild/node_modules/@esbuild/android-x64
95 silly reify mark deleted [
95 silly reify   '/Users/vikashkumar/Desktop/assignment/node_modules/esbuild/node_modules/@esbuild/android-x64'
95 silly reify ]
96 verbose reify failed optional dependency /Users/vikashkumar/Desktop/assignment/node_modules/esbuild/node_modules/@esbuild/android-arm64
97 silly reify mark deleted [
97 silly reify   '/Users/vikashkumar/Desktop/assignment/node_modules/esbuild/node_modules/@esbuild/android-arm64'
97 silly reify ]
98 verbose reify failed optional dependency /Users/vikashkumar/Desktop/assignment/node_modules/esbuild/node_modules/@esbuild/android-arm
99 silly reify mark deleted [
99 silly reify   '/Users/vikashkumar/Desktop/assignment/node_modules/esbuild/node_modules/@esbuild/android-arm'
99 silly reify ]
100 verbose reify failed optional dependency /Users/vikashkumar/Desktop/assignment/node_modules/esbuild/node_modules/@esbuild/aix-ppc64
101 silly reify mark deleted [
101 silly reify   '/Users/vikashkumar/Desktop/assignment/node_modules/esbuild/node_modules/@esbuild/aix-ppc64'
101 silly reify ]
102 http fetch POST 200 https://registry.npmjs.org/-/npm/v1/security/advisories/bulk 410ms
103 silly audit report {
103 silly audit report   esbuild: [
103 silly audit report     {
103 silly audit report       id: 1102341,
103 silly audit report       url: 'https://github.com/advisories/GHSA-67mh-4wv8-2f99',
103 silly audit report       title: 'esbuild enables any website to send any requests to the development server and read the response',
103 silly audit report       severity: 'moderate',
103 silly audit report       vulnerable_versions: '<=0.24.2',
103 silly audit report       cwe: [Array],
103 silly audit report       cvss: [Object]
103 silly audit report     }
103 silly audit report   ]
103 silly audit report }
104 silly packumentCache corgi:https://registry.npmjs.org/esbuild cache-miss
105 http fetch GET 200 https://registry.npmjs.org/esbuild 6ms (cache hit)
106 silly packumentCache corgi:https://registry.npmjs.org/esbuild set size:869842 disposed:false
107 silly packumentCache corgi:https://registry.npmjs.org/vite cache-miss
108 http fetch GET 200 https://registry.npmjs.org/vite 6ms (cache hit)
109 silly packumentCache corgi:https://registry.npmjs.org/vite set size:2091848 disposed:false
110 silly packumentCache corgi:https://registry.npmjs.org/@vitejs%2fplugin-react cache-miss
111 http fetch GET 200 https://registry.npmjs.org/@vitejs%2fplugin-react 5ms (cache hit)
112 silly packumentCache corgi:https://registry.npmjs.org/@vitejs%2fplugin-react set size:101158 disposed:false
113 silly ADD
114 silly ADD
115 silly ADD
116 silly ADD
117 silly ADD
118 silly ADD
119 silly ADD
120 silly ADD
121 silly ADD
122 silly ADD
123 silly ADD
124 silly ADD
125 silly ADD
126 silly ADD
127 silly ADD
128 silly ADD
129 silly ADD
130 silly ADD
131 silly ADD
132 silly ADD
133 silly ADD
134 silly ADD
135 silly ADD
136 silly ADD
137 silly ADD
138 silly ADD
139 silly ADD
140 silly ADD
141 silly ADD
142 silly ADD
143 silly ADD
144 silly ADD
145 silly ADD
146 silly ADD
147 silly ADD
148 silly ADD
149 silly ADD
150 silly ADD
151 silly ADD
152 silly ADD
153 silly ADD
154 silly ADD
155 silly ADD
156 verbose cwd /Users/vikashkumar/Desktop/assignment
157 verbose os Darwin 24.5.0
158 verbose node v20.19.5
159 verbose npm  v10.8.2
160 verbose exit 0
161 info ok
